# JRE version: Java(TM) SE Runtime Environment (8.0_181-b13) (build 1.8.0_181-b13)
# Java VM: Java HotSpot(TM) 64-Bit Server VM (25.181-b13 mixed mode windows-amd64 compressed oops)
Heap:
 PSYoungGen      total 832000K, used 630521K [0x000000076af00000, 0x00000007a2900000, 0x00000007c0000000)
  eden space 817152K, 75% used [0x000000076af00000,0x00000007908b8680,0x000000079cd00000)
  from space 14848K, 96% used [0x00000007a1a80000,0x00000007a2885fa8,0x00000007a2900000)
  to   space 25600K, 0% used [0x000000079f700000,0x000000079f700000,0x00000007a1000000)
 ParOldGen       total 120832K, used 21808K [0x00000006c0c00000, 0x00000006c8200000, 0x000000076af00000)
  object space 120832K, 18% used [0x00000006c0c00000,0x00000006c214c3f8,0x00000006c8200000)
 Metaspace       used 47595K, capacity 48272K, committed 48384K, reserved 1091584K
  class space    used 5722K, capacity 5878K, committed 5888K, reserved 1048576K
GC Heap History (10 events):
Event: 10.171 GC heap before
{Heap before GC invocations=6 (full 1):
 PSYoungGen      total 259584K, used 259579K [0x000000076af00000, 0x000000077c400000, 0x00000007c0000000)
  eden space 248832K, 100% used [0x000000076af00000,0x000000077a200000,0x000000077a200000)
  from space 10752K, 99% used [0x000000077b980000,0x000000077c3fef78,0x000000077c400000)
  to   space 10752K, 0% used [0x000000077af00000,0x000000077af00000,0x000000077b980000)
 ParOldGen       total 77824K, used 8521K [0x00000006c0c00000, 0x00000006c5800000, 0x000000076af00000)
  object space 77824K, 10% used [0x00000006c0c00000,0x00000006c1452688,0x00000006c5800000)
 Metaspace       used 24805K, capacity 25106K, committed 25472K, reserved 1071104K
  class space    used 3070K, capacity 3179K, committed 3200K, reserved 1048576K
Event: 10.224 GC heap after
Heap after GC invocations=6 (full 1):
 PSYoungGen      total 272896K, used 10751K [0x000000076af00000, 0x000000078ab80000, 0x00000007c0000000)
  eden space 262144K, 0% used [0x000000076af00000,0x000000076af00000,0x000000077af00000)
  from space 10752K, 99% used [0x000000077af00000,0x000000077b97fcc8,0x000000077b980000)
  to   space 27136K, 0% used [0x0000000789100000,0x0000000789100000,0x000000078ab80000)
 ParOldGen       total 77824K, used 27315K [0x00000006c0c00000, 0x00000006c5800000, 0x000000076af00000)
  object space 77824K, 35% used [0x00000006c0c00000,0x00000006c26acdc8,0x00000006c5800000)
 Metaspace       used 24805K, capacity 25106K, committed 25472K, reserved 1071104K
  class space    used 3070K, capacity 3179K, committed 3200K, reserved 1048576K
}
Event: 13.549 GC heap before
{Heap before GC invocations=7 (full 1):
 PSYoungGen      total 272896K, used 272895K [0x000000076af00000, 0x000000078ab80000, 0x00000007c0000000)
  eden space 262144K, 100% used [0x000000076af00000,0x000000077af00000,0x000000077af00000)
  from space 10752K, 99% used [0x000000077af00000,0x000000077b97fcc8,0x000000077b980000)
  to   space 27136K, 0% used [0x0000000789100000,0x0000000789100000,0x000000078ab80000)
 ParOldGen       total 77824K, used 27315K [0x00000006c0c00000, 0x00000006c5800000, 0x000000076af00000)
  object space 77824K, 35% used [0x00000006c0c00000,0x00000006c26acdc8,0x00000006c5800000)
 Metaspace       used 33116K, capacity 33488K, committed 33664K, reserved 1079296K
  class space    used 4105K, capacity 4208K, committed 4224K, reserved 1048576K
Event: 13.609 GC heap after
Heap after GC invocations=7 (full 1):
 PSYoungGen      total 493056K, used 17772K [0x000000076af00000, 0x000000078bd00000, 0x00000007c0000000)
  eden space 465920K, 0% used [0x000000076af00000,0x000000076af00000,0x0000000787600000)
  from space 27136K, 65% used [0x0000000789100000,0x000000078a25b368,0x000000078ab80000)
  to   space 27648K, 0% used [0x0000000787600000,0x0000000787600000,0x0000000789100000)
 ParOldGen       total 77824K, used 27323K [0x00000006c0c00000, 0x00000006c5800000, 0x000000076af00000)
  object space 77824K, 35% used [0x00000006c0c00000,0x00000006c26aedc8,0x00000006c5800000)
 Metaspace       used 33116K, capacity 33488K, committed 33664K, reserved 1079296K
  class space    used 4105K, capacity 4208K, committed 4224K, reserved 1048576K
}
Event: 14.354 GC heap before
{Heap before GC invocations=8 (full 1):
 PSYoungGen      total 493056K, used 112385K [0x000000076af00000, 0x000000078bd00000, 0x00000007c0000000)
  eden space 465920K, 20% used [0x000000076af00000,0x0000000770b65468,0x0000000787600000)
  from space 27136K, 65% used [0x0000000789100000,0x000000078a25b368,0x000000078ab80000)
  to   space 27648K, 0% used [0x0000000787600000,0x0000000787600000,0x0000000789100000)
 ParOldGen       total 77824K, used 27323K [0x00000006c0c00000, 0x00000006c5800000, 0x000000076af00000)
  object space 77824K, 35% used [0x00000006c0c00000,0x00000006c26aedc8,0x00000006c5800000)
 Metaspace       used 34887K, capacity 35272K, committed 35456K, reserved 1081344K
  class space    used 4328K, capacity 4436K, committed 4480K, reserved 1048576K
Event: 14.563 GC heap after
Heap after GC invocations=8 (full 1):
 PSYoungGen      total 493568K, used 17024K [0x000000076af00000, 0x00000007a3500000, 0x00000007c0000000)
  eden space 465920K, 0% used [0x000000076af00000,0x000000076af00000,0x0000000787600000)
  from space 27648K, 61% used [0x0000000787600000,0x00000007886a01f0,0x0000000789100000)
  to   space 27136K, 0% used [0x00000007a1a80000,0x00000007a1a80000,0x00000007a3500000)
 ParOldGen       total 77824K, used 27323K [0x00000006c0c00000, 0x00000006c5800000, 0x000000076af00000)
  object space 77824K, 35% used [0x00000006c0c00000,0x00000006c26aedc8,0x00000006c5800000)
 Metaspace       used 34887K, capacity 35272K, committed 35456K, reserved 1081344K
  class space    used 4328K, capacity 4436K, committed 4480K, reserved 1048576K
}
Event: 14.563 GC heap before
{Heap before GC invocations=9 (full 2):
 PSYoungGen      total 493568K, used 17024K [0x000000076af00000, 0x00000007a3500000, 0x00000007c0000000)
  eden space 465920K, 0% used [0x000000076af00000,0x000000076af00000,0x0000000787600000)
  from space 27648K, 61% used [0x0000000787600000,0x00000007886a01f0,0x0000000789100000)
  to   space 27136K, 0% used [0x00000007a1a80000,0x00000007a1a80000,0x00000007a3500000)
 ParOldGen       total 77824K, used 27323K [0x00000006c0c00000, 0x00000006c5800000, 0x000000076af00000)
  object space 77824K, 35% used [0x00000006c0c00000,0x00000006c26aedc8,0x00000006c5800000)
 Metaspace       used 34887K, capacity 35272K, committed 35456K, reserved 1081344K
  class space    used 4328K, capacity 4436K, committed 4480K, reserved 1048576K
Event: 15.063 GC heap after
Heap after GC invocations=9 (full 2):
 PSYoungGen      total 493568K, used 0K [0x000000076af00000, 0x00000007a3500000, 0x00000007c0000000)
  eden space 465920K, 0% used [0x000000076af00000,0x000000076af00000,0x0000000787600000)
  from space 27648K, 0% used [0x0000000787600000,0x0000000787600000,0x0000000789100000)
  to   space 27136K, 0% used [0x00000007a1a80000,0x00000007a1a80000,0x00000007a3500000)
 ParOldGen       total 120832K, used 21792K [0x00000006c0c00000, 0x00000006c8200000, 0x000000076af00000)
  object space 120832K, 18% used [0x00000006c0c00000,0x00000006c21483f8,0x00000006c8200000)
 Metaspace       used 34887K, capacity 35272K, committed 35456K, reserved 1081344K
  class space    used 4328K, capacity 4436K, committed 4480K, reserved 1048576K
}
Event: 3400.939 GC heap before
{Heap before GC invocations=10 (full 2):
 PSYoungGen      total 493568K, used 465920K [0x000000076af00000, 0x00000007a3500000, 0x00000007c0000000)
  eden space 465920K, 100% used [0x000000076af00000,0x0000000787600000,0x0000000787600000)
  from space 27648K, 0% used [0x0000000787600000,0x0000000787600000,0x0000000789100000)
  to   space 27136K, 0% used [0x00000007a1a80000,0x00000007a1a80000,0x00000007a3500000)
 ParOldGen       total 120832K, used 21792K [0x00000006c0c00000, 0x00000006c8200000, 0x000000076af00000)
  object space 120832K, 18% used [0x00000006c0c00000,0x00000006c21483f8,0x00000006c8200000)
 Metaspace       used 46492K, capacity 47184K, committed 47360K, reserved 1091584K
  class space    used 5719K, capacity 5878K, committed 5888K, reserved 1048576K
Event: 3400.977 GC heap after
Heap after GC invocations=10 (full 2):
 PSYoungGen      total 832000K, used 14359K [0x000000076af00000, 0x00000007a2900000, 0x00000007c0000000)
  eden space 817152K, 0% used [0x000000076af00000,0x000000076af00000,0x000000079cd00000)
  from space 14848K, 96% used [0x00000007a1a80000,0x00000007a2885fa8,0x00000007a2900000)
  to   space 25600K, 0% used [0x000000079f700000,0x000000079f700000,0x00000007a1000000)
 ParOldGen       total 120832K, used 21808K [0x00000006c0c00000, 0x00000006c8200000, 0x000000076af00000)
  object space 120832K, 18% used [0x00000006c0c00000,0x00000006c214c3f8,0x00000006c8200000)
 Metaspace       used 46492K, capacity 47184K, committed 47360K, reserved 1091584K
  class space    used 5719K, capacity 5878K, committed 5888K, reserved 1048576K
}

