# JRE version: Java(TM) SE Runtime Environment (8.0_181-b13) (build 1.8.0_181-b13)
# Java VM: Java HotSpot(TM) 64-Bit Server VM (25.181-b13 mixed mode windows-amd64 compressed oops)
Heap:
 PSYoungGen      total 611840K, used 76937K [0x000000076af00000, 0x0000000793b80000, 0x00000007c0000000)
  eden space 584192K, 11% used [0x000000076af00000,0x000000076f18c4c8,0x000000078e980000)
  from space 27648K, 31% used [0x000000078e980000,0x000000078f216070,0x0000000790480000)
  to   space 29184K, 0% used [0x0000000790480000,0x0000000790480000,0x0000000792100000)
 ParOldGen       total 143360K, used 24938K [0x00000006c0c00000, 0x00000006c9800000, 0x000000076af00000)
  object space 143360K, 17% used [0x00000006c0c00000,0x00000006c245aa90,0x00000006c9800000)
 Metaspace       used 48209K, capacity 48856K, committed 49024K, reserved 1091584K
  class space    used 5767K, capacity 5906K, committed 6016K, reserved 1048576K
GC Heap History (10 events):
Event: 9.340 GC heap before
{Heap before GC invocations=7 (full 1):
 PSYoungGen      total 272896K, used 272876K [0x000000076af00000, 0x0000000785400000, 0x00000007c0000000)
  eden space 262144K, 100% used [0x000000076af00000,0x000000077af00000,0x000000077af00000)
  from space 10752K, 99% used [0x000000077af00000,0x000000077b97b290,0x000000077b980000)
  to   space 26624K, 0% used [0x0000000783a00000,0x0000000783a00000,0x0000000785400000)
 ParOldGen       total 87040K, used 26097K [0x00000006c0c00000, 0x00000006c6100000, 0x000000076af00000)
  object space 87040K, 29% used [0x00000006c0c00000,0x00000006c257c548,0x00000006c6100000)
 Metaspace       used 32621K, capacity 32914K, committed 33408K, reserved 1079296K
  class space    used 4034K, capacity 4133K, committed 4224K, reserved 1048576K
Event: 9.367 GC heap after
Heap after GC invocations=7 (full 1):
 PSYoungGen      total 402432K, used 20326K [0x000000076af00000, 0x0000000788300000, 0x00000007c0000000)
  eden space 375808K, 0% used [0x000000076af00000,0x000000076af00000,0x0000000781e00000)
  from space 26624K, 76% used [0x0000000783a00000,0x0000000784dd9998,0x0000000785400000)
  to   space 28672K, 0% used [0x0000000781e00000,0x0000000781e00000,0x0000000783a00000)
 ParOldGen       total 87040K, used 26105K [0x00000006c0c00000, 0x00000006c6100000, 0x000000076af00000)
  object space 87040K, 29% used [0x00000006c0c00000,0x00000006c257e548,0x00000006c6100000)
 Metaspace       used 32621K, capacity 32914K, committed 33408K, reserved 1079296K
  class space    used 4034K, capacity 4133K, committed 4224K, reserved 1048576K
}
Event: 10.050 GC heap before
{Heap before GC invocations=8 (full 1):
 PSYoungGen      total 402432K, used 118429K [0x000000076af00000, 0x0000000788300000, 0x00000007c0000000)
  eden space 375808K, 26% used [0x000000076af00000,0x0000000770ecdaa0,0x0000000781e00000)
  from space 26624K, 76% used [0x0000000783a00000,0x0000000784dd9998,0x0000000785400000)
  to   space 28672K, 0% used [0x0000000781e00000,0x0000000781e00000,0x0000000783a00000)
 ParOldGen       total 87040K, used 26105K [0x00000006c0c00000, 0x00000006c6100000, 0x000000076af00000)
  object space 87040K, 29% used [0x00000006c0c00000,0x00000006c257e548,0x00000006c6100000)
 Metaspace       used 34909K, capacity 35234K, committed 35456K, reserved 1081344K
  class space    used 4331K, capacity 4429K, committed 4480K, reserved 1048576K
Event: 10.063 GC heap after
Heap after GC invocations=8 (full 1):
 PSYoungGen      total 404480K, used 19783K [0x000000076af00000, 0x0000000792100000, 0x00000007c0000000)
  eden space 375808K, 0% used [0x000000076af00000,0x000000076af00000,0x0000000781e00000)
  from space 28672K, 69% used [0x0000000781e00000,0x0000000783151ee8,0x0000000783a00000)
  to   space 29184K, 0% used [0x0000000790480000,0x0000000790480000,0x0000000792100000)
 ParOldGen       total 87040K, used 26113K [0x00000006c0c00000, 0x00000006c6100000, 0x000000076af00000)
  object space 87040K, 30% used [0x00000006c0c00000,0x00000006c2580548,0x00000006c6100000)
 Metaspace       used 34909K, capacity 35234K, committed 35456K, reserved 1081344K
  class space    used 4331K, capacity 4429K, committed 4480K, reserved 1048576K
}
Event: 10.063 GC heap before
{Heap before GC invocations=9 (full 2):
 PSYoungGen      total 404480K, used 19783K [0x000000076af00000, 0x0000000792100000, 0x00000007c0000000)
  eden space 375808K, 0% used [0x000000076af00000,0x000000076af00000,0x0000000781e00000)
  from space 28672K, 69% used [0x0000000781e00000,0x0000000783151ee8,0x0000000783a00000)
  to   space 29184K, 0% used [0x0000000790480000,0x0000000790480000,0x0000000792100000)
 ParOldGen       total 87040K, used 26113K [0x00000006c0c00000, 0x00000006c6100000, 0x000000076af00000)
  object space 87040K, 30% used [0x00000006c0c00000,0x00000006c2580548,0x00000006c6100000)
 Metaspace       used 34909K, capacity 35234K, committed 35456K, reserved 1081344K
  class space    used 4331K, capacity 4429K, committed 4480K, reserved 1048576K
Event: 10.109 GC heap after
Heap after GC invocations=9 (full 2):
 PSYoungGen      total 404480K, used 0K [0x000000076af00000, 0x0000000792100000, 0x00000007c0000000)
  eden space 375808K, 0% used [0x000000076af00000,0x000000076af00000,0x0000000781e00000)
  from space 28672K, 0% used [0x0000000781e00000,0x0000000781e00000,0x0000000783a00000)
  to   space 29184K, 0% used [0x0000000790480000,0x0000000790480000,0x0000000792100000)
 ParOldGen       total 143360K, used 24922K [0x00000006c0c00000, 0x00000006c9800000, 0x000000076af00000)
  object space 143360K, 17% used [0x00000006c0c00000,0x00000006c2456a90,0x00000006c9800000)
 Metaspace       used 34909K, capacity 35234K, committed 35456K, reserved 1081344K
  class space    used 4331K, capacity 4429K, committed 4480K, reserved 1048576K
}
Event: 1316.392 GC heap before
{Heap before GC invocations=10 (full 2):
 PSYoungGen      total 404480K, used 375808K [0x000000076af00000, 0x0000000792100000, 0x00000007c0000000)
  eden space 375808K, 100% used [0x000000076af00000,0x0000000781e00000,0x0000000781e00000)
  from space 28672K, 0% used [0x0000000781e00000,0x0000000781e00000,0x0000000783a00000)
  to   space 29184K, 0% used [0x0000000790480000,0x0000000790480000,0x0000000792100000)
 ParOldGen       total 143360K, used 24922K [0x00000006c0c00000, 0x00000006c9800000, 0x000000076af00000)
  object space 143360K, 17% used [0x00000006c0c00000,0x00000006c2456a90,0x00000006c9800000)
 Metaspace       used 46695K, capacity 47320K, committed 47488K, reserved 1091584K
  class space    used 5764K, capacity 5906K, committed 6016K, reserved 1048576K
Event: 1316.417 GC heap after
Heap after GC invocations=10 (full 2):
 PSYoungGen      total 613376K, used 15025K [0x000000076af00000, 0x0000000793b80000, 0x00000007c0000000)
  eden space 584192K, 0% used [0x000000076af00000,0x000000076af00000,0x000000078e980000)
  from space 29184K, 51% used [0x0000000790480000,0x000000079132c7c8,0x0000000792100000)
  to   space 27648K, 0% used [0x000000078e980000,0x000000078e980000,0x0000000790480000)
 ParOldGen       total 143360K, used 24930K [0x00000006c0c00000, 0x00000006c9800000, 0x000000076af00000)
  object space 143360K, 17% used [0x00000006c0c00000,0x00000006c2458a90,0x00000006c9800000)
 Metaspace       used 46695K, capacity 47320K, committed 47488K, reserved 1091584K
  class space    used 5764K, capacity 5906K, committed 6016K, reserved 1048576K
}
Event: 14965.774 GC heap before
{Heap before GC invocations=11 (full 2):
 PSYoungGen      total 613376K, used 599217K [0x000000076af00000, 0x0000000793b80000, 0x00000007c0000000)
  eden space 584192K, 100% used [0x000000076af00000,0x000000078e980000,0x000000078e980000)
  from space 29184K, 51% used [0x0000000790480000,0x000000079132c7c8,0x0000000792100000)
  to   space 27648K, 0% used [0x000000078e980000,0x000000078e980000,0x0000000790480000)
 ParOldGen       total 143360K, used 24930K [0x00000006c0c00000, 0x00000006c9800000, 0x000000076af00000)
  object space 143360K, 17% used [0x00000006c0c00000,0x00000006c2458a90,0x00000006c9800000)
 Metaspace       used 48047K, capacity 48728K, committed 49024K, reserved 1091584K
  class space    used 5767K, capacity 5906K, committed 6016K, reserved 1048576K
Event: 14965.799 GC heap after
Heap after GC invocations=11 (full 2):
 PSYoungGen      total 611840K, used 8792K [0x000000076af00000, 0x0000000793b80000, 0x00000007c0000000)
  eden space 584192K, 0% used [0x000000076af00000,0x000000076af00000,0x000000078e980000)
  from space 27648K, 31% used [0x000000078e980000,0x000000078f216070,0x0000000790480000)
  to   space 29184K, 0% used [0x0000000790480000,0x0000000790480000,0x0000000792100000)
 ParOldGen       total 143360K, used 24938K [0x00000006c0c00000, 0x00000006c9800000, 0x000000076af00000)
  object space 143360K, 17% used [0x00000006c0c00000,0x00000006c245aa90,0x00000006c9800000)
 Metaspace       used 48047K, capacity 48728K, committed 49024K, reserved 1091584K
  class space    used 5767K, capacity 5906K, committed 6016K, reserved 1048576K
}

